TN:
SF:src/category/application/use-cases/update-category.use-case.ts
FN:8,<instance_members_initializer>
FN:11,UpdateCategoryUseCase
FN:13,execute
FN:56,oo_cm
FN:56,oo_oo
FN:56,oo_tr
FN:56,oo_tx
FN:56,oo_ts
FN:56,oo_te
FNF:9
FNH:9
FNDA:2,<instance_members_initializer>
FNDA:2,UpdateCategoryUseCase
FNDA:8,execute
FNDA:1,oo_cm
FNDA:1,oo_oo
FNDA:1,oo_tr
FNDA:1,oo_tx
FNDA:1,oo_ts
FNDA:1,oo_te
DA:1,1
DA:2,1
DA:3,1
DA:4,1
DA:5,1
DA:6,1
DA:7,1
DA:8,1
DA:9,2
DA:10,2
DA:11,2
DA:12,2
DA:13,2
DA:14,8
DA:15,8
DA:16,8
DA:17,8
DA:18,1
DA:19,1
DA:20,7
DA:21,7
DA:22,8
DA:23,8
DA:24,1
DA:25,1
DA:26,1
DA:27,7
DA:28,8
DA:29,1
DA:30,1
DA:31,7
DA:32,8
DA:33,2
DA:34,2
DA:35,7
DA:36,7
DA:37,7
DA:38,7
DA:39,7
DA:40,2
DA:41,1
DA:42,1
DA:43,1
DA:44,1
DA:45,1
DA:46,1
DA:47,1
DA:48,1
DA:49,1
DA:50,1
DA:51,1
DA:52,1
DA:53,1
DA:54,1
DA:55,1
DA:56,1
LF:56
LH:56
BRDA:8,0,0,2
BRDA:11,1,0,2
BRDA:13,2,0,8
BRDA:17,3,0,1
BRDA:19,4,0,7
BRDA:23,5,0,1
BRDA:26,6,0,7
BRDA:28,7,0,1
BRDA:30,8,0,7
BRDA:32,9,0,2
BRDA:34,10,0,7
BRDA:56,11,0,1
BRDA:56,12,0,1
BRDA:56,13,0,1
BRDA:56,14,0,1
BRDA:56,15,0,1
BRF:16
BRH:16
end_of_record
TN:
SF:src/category/application/use-cases/common/category-output.ts
FN:12,toOutput
FNF:1
FNH:1
FNDA:7,toOutput
DA:1,1
DA:2,1
DA:3,1
DA:4,1
DA:5,1
DA:6,1
DA:7,1
DA:8,1
DA:9,1
DA:10,1
DA:11,1
DA:12,1
DA:13,7
DA:14,7
DA:15,7
DA:16,7
DA:17,7
DA:18,7
DA:19,1
LF:19
LH:19
BRDA:12,0,0,7
BRF:1
BRH:1
end_of_record
TN:
SF:src/category/domain/category-fake.builder.ts
FN:7,<instance_members_initializer>
FN:11,_name
FN:13,_description
FN:16,_is_active
FN:22,aCategory
FN:26,theCategories
FN:32,CategoryFakeBuilder
FN:37,withUuid
FN:42,withName
FN:47,withDescription
FN:52,activate
FN:57,deactivate
FN:62,withCreatedAt
FN:67,withInvalidNameTooLong
FN:72,build
FN:95,get category_id
FN:99,get name
FN:103,get description
FN:107,get is_active
FN:111,get created_at
FN:115,getValue
FN:126,callFactory
FNF:22
FNH:8
FNDA:1,<instance_members_initializer>
FNDA:1,_name
FNDA:1,_description
FNDA:1,_is_active
FNDA:1,aCategory
FNDA:0,theCategories
FNDA:1,CategoryFakeBuilder
FNDA:0,withUuid
FNDA:0,withName
FNDA:0,withDescription
FNDA:0,activate
FNDA:0,deactivate
FNDA:0,withCreatedAt
FNDA:0,withInvalidNameTooLong
FNDA:1,build
FNDA:0,get category_id
FNDA:0,get name
FNDA:0,get description
FNDA:0,get is_active
FNDA:0,get created_at
FNDA:0,getValue
FNDA:3,callFactory
DA:1,1
DA:2,1
DA:3,1
DA:4,1
DA:5,1
DA:6,1
DA:7,1
DA:8,1
DA:9,1
DA:10,1
DA:11,1
DA:12,1
DA:13,1
DA:14,1
DA:15,1
DA:16,1
DA:17,1
DA:18,1
DA:19,1
DA:20,1
DA:21,1
DA:22,1
DA:23,1
DA:24,1
DA:25,1
DA:26,1
DA:27,0
DA:28,0
DA:29,1
DA:30,1
DA:31,1
DA:32,1
DA:33,1
DA:34,1
DA:35,1
DA:36,1
DA:37,1
DA:38,0
DA:39,0
DA:40,0
DA:41,1
DA:42,1
DA:43,0
DA:44,0
DA:45,0
DA:46,1
DA:47,1
DA:48,0
DA:49,0
DA:50,0
DA:51,1
DA:52,1
DA:53,0
DA:54,0
DA:55,0
DA:56,1
DA:57,1
DA:58,0
DA:59,0
DA:60,0
DA:61,1
DA:62,1
DA:63,0
DA:64,0
DA:65,0
DA:66,1
DA:67,1
DA:68,0
DA:69,0
DA:70,0
DA:71,1
DA:72,1
DA:73,1
DA:74,1
DA:75,1
DA:76,1
DA:77,1
DA:78,1
DA:79,0
DA:80,1
DA:81,1
DA:82,1
DA:83,1
DA:84,0
DA:85,1
DA:86,1
DA:87,1
DA:88,1
DA:89,1
DA:90,1
DA:91,1
DA:92,0
DA:93,1
DA:94,1
DA:95,1
DA:96,0
DA:97,0
DA:98,1
DA:99,1
DA:100,0
DA:101,0
DA:102,1
DA:103,1
DA:104,0
DA:105,0
DA:106,1
DA:107,1
DA:108,0
DA:109,0
DA:110,1
DA:111,1
DA:112,0
DA:113,0
DA:114,1
DA:115,1
DA:116,0
DA:117,0
DA:118,0
DA:119,0
DA:120,0
DA:121,0
DA:122,0
DA:123,0
DA:124,0
DA:125,1
DA:126,1
DA:127,3
DA:128,3
DA:129,0
DA:130,3
DA:131,1
LF:131
LH:85
BRDA:7,0,0,1
BRDA:11,1,0,1
BRDA:13,2,0,1
BRDA:16,3,0,1
BRDA:22,4,0,1
BRDA:32,5,0,1
BRDA:72,6,0,1
BRDA:91,7,0,0
BRDA:75,8,0,1
BRDA:78,9,0,0
BRDA:83,10,0,0
BRDA:126,11,0,3
BRDA:128,12,0,0
BRF:13
BRH:9
end_of_record
TN:
SF:src/category/domain/category.entity.ts
FN:22,<instance_members_initializer>
FN:29,Category
FN:38,get entity_id
FN:42,create
FN:48,changeName
FN:53,changeDescription
FN:58,activate
FN:62,deactivate
FN:66,validate
FN:74,fake
FN:78,toJSON
FNF:11
FNH:9
FNDA:14,<instance_members_initializer>
FNDA:14,Category
FNDA:0,get entity_id
FNDA:0,create
FNDA:7,changeName
FNDA:1,changeDescription
FNDA:1,activate
FNDA:2,deactivate
FNDA:22,validate
FNDA:1,fake
FNDA:12,toJSON
DA:1,1
DA:2,1
DA:3,1
DA:4,1
DA:5,1
DA:6,1
DA:7,1
DA:8,1
DA:9,1
DA:10,1
DA:11,1
DA:12,1
DA:13,1
DA:14,1
DA:15,1
DA:16,1
DA:17,1
DA:18,1
DA:19,1
DA:20,1
DA:21,1
DA:22,1
DA:23,14
DA:24,14
DA:25,14
DA:26,14
DA:27,14
DA:28,14
DA:29,14
DA:30,14
DA:31,14
DA:32,14
DA:33,14
DA:34,14
DA:35,14
DA:36,14
DA:37,14
DA:38,14
DA:39,0
DA:40,0
DA:41,14
DA:42,14
DA:43,0
DA:44,0
DA:45,0
DA:46,0
DA:47,14
DA:48,14
DA:49,7
DA:50,7
DA:51,7
DA:52,14
DA:53,14
DA:54,1
DA:55,1
DA:56,1
DA:57,14
DA:58,14
DA:59,1
DA:60,1
DA:61,14
DA:62,14
DA:63,2
DA:64,2
DA:65,14
DA:66,14
DA:67,22
DA:68,22
DA:69,22
DA:70,0
DA:71,0
DA:72,22
DA:73,14
DA:74,14
DA:75,1
DA:76,1
DA:77,14
DA:78,14
DA:79,12
DA:80,12
DA:81,12
DA:82,12
DA:83,12
DA:84,12
DA:85,12
DA:86,12
DA:87,14
LF:87
LH:79
BRDA:22,0,0,14
BRDA:29,1,0,14
BRDA:31,2,0,1
BRDA:33,3,0,0
BRDA:34,4,0,0
BRDA:35,5,0,1
BRDA:48,6,0,7
BRDA:53,7,0,1
BRDA:58,8,0,1
BRDA:62,9,0,2
BRDA:66,10,0,22
BRDA:69,11,0,0
BRDA:74,12,0,1
BRDA:78,13,0,12
BRF:14
BRH:11
end_of_record
TN:
SF:src/category/domain/category.repository.ts
FNF:0
FNH:0
DA:1,1
DA:2,1
DA:3,1
DA:4,1
DA:5,1
DA:6,1
DA:7,1
DA:8,1
DA:9,1
DA:10,1
DA:11,1
DA:12,1
DA:13,1
DA:14,1
DA:15,1
DA:16,1
DA:17,1
DA:18,1
DA:19,1
DA:20,1
LF:20
LH:20
BRF:0
BRH:0
end_of_record
TN:
SF:src/category/domain/category.validator.ts
FN:25,CategoryRules
FN:31,validate
FN:37,create
FNF:3
FNH:3
FNDA:22,CategoryRules
FNDA:22,validate
FNDA:22,create
DA:1,1
DA:2,1
DA:3,1
DA:4,1
DA:5,1
DA:6,1
DA:7,1
DA:8,1
DA:9,1
DA:10,1
DA:11,1
DA:12,1
DA:13,1
DA:14,1
DA:15,1
DA:16,1
DA:17,1
DA:18,1
DA:19,1
DA:20,1
DA:21,1
DA:22,1
DA:23,1
DA:24,1
DA:25,1
DA:26,22
DA:27,22
DA:28,1
DA:29,1
DA:30,1
DA:31,1
DA:32,22
DA:33,22
DA:34,1
DA:35,1
DA:36,1
DA:37,1
DA:38,22
DA:39,22
DA:40,1
LF:40
LH:40
BRDA:25,0,0,22
BRDA:31,1,0,22
BRDA:37,2,0,22
BRF:3
BRH:3
end_of_record
TN:
SF:src/category/infra/db/sequelize/category-model-mapper.ts
FN:6,toModel
FN:16,toEntity
FNF:2
FNH:2
FNDA:8,toModel
FNDA:13,toEntity
DA:1,1
DA:2,1
DA:3,1
DA:4,1
DA:5,1
DA:6,1
DA:7,8
DA:8,8
DA:9,8
DA:10,8
DA:11,8
DA:12,8
DA:13,8
DA:14,8
DA:15,1
DA:16,1
DA:17,13
DA:18,13
DA:19,13
DA:20,13
DA:21,13
DA:22,13
DA:23,13
DA:24,13
DA:25,13
DA:26,13
DA:27,1
LF:27
LH:27
BRDA:6,0,0,8
BRDA:16,1,0,13
BRF:2
BRH:2
end_of_record
TN:
SF:src/category/infra/db/sequelize/category-sequelize.repository.ts
FN:13,<instance_members_initializer>
FN:16,CategorySequelizeRepository
FN:18,insert
FN:23,bulkInsert
FN:30,update
FN:42,delete
FN:51,findById
FN:57,_get
FN:61,findAll
FN:68,search
FN:94,getEntity
FNF:11
FNH:6
FNDA:2,<instance_members_initializer>
FNDA:2,CategorySequelizeRepository
FNDA:1,insert
FNDA:0,bulkInsert
FNDA:7,update
FNDA:0,delete
FNDA:14,findById
FNDA:21,_get
FNDA:0,findAll
FNDA:0,search
FNDA:0,getEntity
DA:1,1
DA:2,1
DA:3,1
DA:4,1
DA:5,1
DA:6,1
DA:7,1
DA:8,1
DA:9,1
DA:10,1
DA:11,1
DA:12,1
DA:13,1
DA:14,2
DA:15,2
DA:16,2
DA:17,2
DA:18,2
DA:19,1
DA:20,1
DA:21,1
DA:22,2
DA:23,2
DA:24,0
DA:25,0
DA:26,0
DA:27,0
DA:28,0
DA:29,2
DA:30,2
DA:31,7
DA:32,7
DA:33,7
DA:34,0
DA:35,0
DA:36,7
DA:37,7
DA:38,7
DA:39,7
DA:40,7
DA:41,2
DA:42,2
DA:43,0
DA:44,0
DA:45,0
DA:46,0
DA:47,0
DA:48,0
DA:49,0
DA:50,2
DA:51,2
DA:52,14
DA:53,14
DA:54,14
DA:55,14
DA:56,2
DA:57,2
DA:58,21
DA:59,21
DA:60,2
DA:61,2
DA:62,0
DA:63,0
DA:64,0
DA:65,0
DA:66,0
DA:67,2
DA:68,2
DA:69,0
DA:70,0
DA:71,0
DA:72,0
DA:73,0
DA:74,0
DA:75,0
DA:76,0
DA:77,0
DA:78,0
DA:79,0
DA:80,0
DA:81,0
DA:82,0
DA:83,0
DA:84,0
DA:85,0
DA:86,0
DA:87,0
DA:88,0
DA:89,0
DA:90,0
DA:91,0
DA:92,0
DA:93,2
DA:94,2
DA:95,0
DA:96,0
DA:97,2
LF:97
LH:52
BRDA:13,0,0,2
BRDA:16,1,0,2
BRDA:18,2,0,1
BRDA:30,3,0,7
BRDA:33,4,0,0
BRDA:51,5,0,14
BRDA:54,6,0,13
BRDA:54,7,0,1
BRDA:57,8,0,21
BRF:9
BRH:8
end_of_record
TN:
SF:src/category/infra/db/sequelize/category.model.ts
FNF:0
FNH:0
DA:1,1
DA:2,1
DA:3,1
DA:4,1
DA:5,1
DA:6,1
DA:7,1
DA:8,1
DA:9,1
DA:10,1
DA:11,1
DA:12,1
DA:13,1
DA:14,1
DA:15,1
DA:16,1
DA:17,1
DA:18,1
DA:19,1
DA:20,1
DA:21,1
DA:22,1
DA:23,1
DA:24,1
DA:25,1
DA:26,1
DA:27,1
DA:28,1
DA:29,1
DA:30,1
DA:31,1
DA:32,1
DA:33,1
DA:34,1
LF:34
LH:34
BRF:0
BRH:0
end_of_record
TN:
SF:src/shared/domain/entity.ts
FNF:0
FNH:0
DA:1,1
DA:2,1
DA:3,1
DA:4,1
DA:5,1
DA:6,1
LF:6
LH:6
BRF:0
BRH:0
end_of_record
TN:
SF:src/shared/domain/value-object.ts
FN:4,equals
FNF:1
FNH:0
FNDA:0,equals
DA:1,1
DA:2,1
DA:3,1
DA:4,1
DA:5,0
DA:6,0
DA:7,0
DA:8,0
DA:9,0
DA:10,0
DA:11,0
DA:12,0
DA:13,0
DA:14,0
DA:15,1
LF:15
LH:5
BRF:0
BRH:0
end_of_record
TN:
SF:src/shared/domain/errors/not-found.error.ts
FN:4,NotFoundError
FNF:1
FNH:1
FNDA:2,NotFoundError
DA:1,1
DA:2,1
DA:3,1
DA:4,1
DA:5,2
DA:6,2
DA:7,2
DA:8,2
DA:9,1
LF:9
LH:9
BRDA:4,0,0,2
BRDA:5,1,0,0
BRF:2
BRH:1
end_of_record
TN:
SF:src/shared/domain/repository/search-params.ts
FN:13,<instance_members_initializer>
FNF:1
FNH:0
FNDA:0,<instance_members_initializer>
DA:1,1
DA:2,1
DA:3,1
DA:4,1
DA:5,1
DA:6,1
DA:7,1
DA:8,1
DA:9,1
DA:10,1
DA:11,1
DA:12,1
DA:13,1
DA:14,0
DA:15,0
DA:16,0
DA:17,0
DA:18,0
DA:19,0
DA:20,0
DA:21,0
DA:22,0
DA:23,0
DA:24,0
DA:25,0
DA:26,0
DA:27,0
DA:28,0
DA:29,0
DA:30,0
DA:31,0
DA:32,0
DA:33,0
DA:34,0
DA:35,0
DA:36,0
DA:37,0
DA:38,0
DA:39,0
DA:40,0
DA:41,0
DA:42,0
DA:43,0
DA:44,0
DA:45,0
DA:46,0
DA:47,0
DA:48,0
DA:49,0
DA:50,0
DA:51,0
DA:52,0
DA:53,0
DA:54,0
DA:55,0
DA:56,0
DA:57,0
DA:58,0
DA:59,0
DA:60,0
DA:61,0
DA:62,0
DA:63,0
DA:64,0
DA:65,0
DA:66,0
DA:67,0
DA:68,0
DA:69,0
DA:70,0
DA:71,0
DA:72,0
DA:73,0
DA:74,0
DA:75,0
DA:76,0
DA:77,0
DA:78,0
DA:79,0
DA:80,0
DA:81,0
DA:82,0
DA:83,0
DA:84,0
DA:85,0
DA:86,0
DA:87,0
DA:88,0
DA:89,0
DA:90,0
DA:91,0
DA:92,0
DA:93,0
LF:93
LH:13
BRDA:13,0,0,0
BRF:1
BRH:0
end_of_record
TN:
SF:src/shared/domain/repository/search-result.ts
FN:11,<instance_members_initializer>
FNF:1
FNH:0
FNDA:0,<instance_members_initializer>
DA:1,1
DA:2,1
DA:3,1
DA:4,1
DA:5,1
DA:6,1
DA:7,1
DA:8,1
DA:9,1
DA:10,1
DA:11,1
DA:12,0
DA:13,0
DA:14,0
DA:15,0
DA:16,0
DA:17,0
DA:18,0
DA:19,0
DA:20,0
DA:21,0
DA:22,0
DA:23,0
DA:24,0
DA:25,0
DA:26,0
DA:27,0
DA:28,0
DA:29,0
DA:30,0
DA:31,0
DA:32,0
DA:33,0
DA:34,0
DA:35,0
DA:36,0
LF:36
LH:11
BRDA:11,0,0,0
BRF:1
BRH:0
end_of_record
TN:
SF:src/shared/domain/validators/class-validator-fields.ts
FN:4,<instance_members_initializer>
FN:10,validate
FNF:2
FNH:2
FNDA:22,<instance_members_initializer>
FNDA:22,validate
DA:1,1
DA:2,1
DA:3,1
DA:4,1
DA:5,22
DA:6,22
DA:7,22
DA:8,22
DA:9,22
DA:10,22
DA:11,22
DA:12,22
DA:13,0
DA:14,0
DA:15,0
DA:16,0
DA:17,0
DA:18,22
DA:19,22
DA:20,22
DA:21,22
DA:22,22
DA:23,22
LF:23
LH:18
BRDA:4,0,0,22
BRDA:10,1,0,22
BRDA:12,2,0,0
BRF:3
BRH:2
end_of_record
TN:
SF:src/shared/domain/validators/validation.error.ts
FN:5,<instance_members_initializer>
FNF:1
FNH:0
FNDA:0,<instance_members_initializer>
DA:1,1
DA:2,1
DA:3,1
DA:4,1
DA:5,1
DA:6,0
DA:7,0
DA:8,0
DA:9,0
DA:10,0
DA:11,0
DA:12,0
DA:13,0
DA:14,0
DA:15,0
DA:16,0
LF:16
LH:5
BRDA:5,0,0,0
BRF:1
BRH:0
end_of_record
TN:
SF:src/shared/domain/value-objects/uuid.vo.ts
FN:4,<instance_members_initializer>
FN:7,Uuid
FN:13,generateId
FN:17,validate
FN:25,InvalidUuidError
FNF:5
FNH:4
FNDA:29,<instance_members_initializer>
FNDA:29,Uuid
FNDA:2,generateId
FNDA:29,validate
FNDA:0,InvalidUuidError
DA:1,1
DA:2,1
DA:3,1
DA:4,1
DA:5,29
DA:6,29
DA:7,29
DA:8,29
DA:9,29
DA:10,29
DA:11,29
DA:12,29
DA:13,29
DA:14,2
DA:15,2
DA:16,29
DA:17,29
DA:18,29
DA:19,0
DA:20,0
DA:21,29
DA:22,29
DA:23,1
DA:24,1
DA:25,1
DA:26,0
DA:27,0
DA:28,0
DA:29,1
LF:29
LH:24
BRDA:4,0,0,29
BRDA:7,1,0,29
BRDA:9,2,0,2
BRDA:13,3,0,2
BRDA:17,4,0,29
BRDA:18,5,0,0
BRF:6
BRH:5
end_of_record
TN:
SF:src/shared/infra/config.ts
FN:5,<static_initializer>
FN:7,db
FN:17,readEnv
FNF:3
FNH:3
FNDA:1,<static_initializer>
FNDA:1,db
FNDA:1,readEnv
DA:1,1
DA:2,1
DA:3,1
DA:4,1
DA:5,1
DA:6,1
DA:7,1
DA:8,1
DA:9,1
DA:10,1
DA:11,1
DA:12,1
DA:13,1
DA:14,1
DA:15,1
DA:16,1
DA:17,1
DA:18,1
DA:19,0
DA:20,0
DA:21,1
DA:22,1
DA:23,1
DA:24,1
DA:25,1
DA:26,1
LF:26
LH:24
BRDA:5,0,0,1
BRDA:7,1,0,1
BRDA:17,2,0,1
BRDA:18,3,0,0
BRF:4
BRH:3
end_of_record
TN:
SF:src/shared/infra/testing/helpers.ts
FN:4,setupSequelize
FN:19,get sequelize
FNF:2
FNH:1
FNDA:1,setupSequelize
FNDA:0,get sequelize
DA:1,1
DA:2,1
DA:3,1
DA:4,1
DA:5,1
DA:6,1
DA:7,1
DA:8,1
DA:9,1
DA:10,1
DA:11,1
DA:12,1
DA:13,1
DA:14,1
DA:15,1
DA:16,1
DA:17,1
DA:18,1
DA:19,1
DA:20,0
DA:21,0
DA:22,1
DA:23,1
LF:23
LH:21
BRDA:4,0,0,1
BRDA:7,1,0,1
BRDA:14,2,0,2
BRDA:16,3,0,1
BRF:4
BRH:4
end_of_record
